<?xml version="1.0" encoding="UTF-8"?>
<testng-results skipped="0" failed="0" ignored="0" total="1" passed="1">
  <reporter-output>
  </reporter-output>
  <suite name="Default suite" duration-ms="53" started-at="2021-02-07T15:48:53 CST" finished-at="2021-02-07T15:48:53 CST">
    <groups>
    </groups>
    <test name="Default test" duration-ms="53" started-at="2021-02-07T15:48:53 CST" finished-at="2021-02-07T15:48:53 CST">
      <class name="demo.AppTest">
        <test-method status="PASS" signature="TestMethod1()[pri:0, instance:demo.AppTest@4f970963]" name="TestMethod1" duration-ms="12" started-at="2021-02-07T15:48:53 CST" finished-at="2021-02-07T15:48:53 CST">
          <reporter-output>
          </reporter-output>
        </test-method> <!-- TestMethod1 -->
      </class> <!-- demo.AppTest -->
    </test> <!-- Default test -->
  </suite> <!-- Default suite -->
</testng-results>
